2014-10-12 17:44:02,712 [main] WARN  o.e.r.c.r.p.ProcessableProposalFactory - Unknown JDT proposal type 'class org.eclipse.jdt.internal.ui.text.java.LazyJavaCompletionProposal' ('@deprecated'). Returning original proposal instead.
2014-10-12 17:44:02,744 [main] WARN  o.e.r.c.r.p.ProcessableProposalFactory - Unknown JDT proposal type 'class org.eclipse.jdt.internal.ui.text.java.LazyJavaCompletionProposal' ('@see'). Returning original proposal instead.
2014-10-12 17:44:02,744 [main] WARN  o.e.r.c.r.p.ProcessableProposalFactory - Unknown JDT proposal type 'class org.eclipse.jdt.internal.ui.text.javadoc.JavadocInlineTagCompletionProposal' ('{@value}'). Returning original proposal instead.
2014-10-12 17:44:02,744 [main] WARN  o.e.r.c.r.p.ProcessableProposalFactory - Unknown JDT proposal type 'class org.eclipse.jdt.internal.ui.text.java.LazyJavaCompletionProposal' ('@param'). Returning original proposal instead.
2014-10-12 17:44:02,744 [main] WARN  o.e.r.c.r.p.ProcessableProposalFactory - Unknown JDT proposal type 'class org.eclipse.jdt.internal.ui.text.javadoc.JavadocInlineTagCompletionProposal' ('{@code}'). Returning original proposal instead.
2014-10-12 17:44:02,744 [main] WARN  o.e.r.c.r.p.ProcessableProposalFactory - Unknown JDT proposal type 'class org.eclipse.jdt.internal.ui.text.javadoc.JavadocInlineTagCompletionProposal' ('{@inheritDoc}'). Returning original proposal instead.
2014-10-12 17:44:02,759 [main] WARN  o.e.r.c.r.p.ProcessableProposalFactory - Unknown JDT proposal type 'class org.eclipse.jdt.internal.ui.text.java.LazyJavaCompletionProposal' ('@exception'). Returning original proposal instead.
2014-10-12 17:44:02,759 [main] WARN  o.e.r.c.r.p.ProcessableProposalFactory - Unknown JDT proposal type 'class org.eclipse.jdt.internal.ui.text.java.LazyJavaCompletionProposal' ('@since'). Returning original proposal instead.
2014-10-12 17:44:02,759 [main] WARN  o.e.r.c.r.p.ProcessableProposalFactory - Unknown JDT proposal type 'class org.eclipse.jdt.internal.ui.text.javadoc.JavadocInlineTagCompletionProposal' ('{@docRoot}'). Returning original proposal instead.
2014-10-12 17:44:02,759 [main] WARN  o.e.r.c.r.p.ProcessableProposalFactory - Unknown JDT proposal type 'class org.eclipse.jdt.internal.ui.text.javadoc.JavadocInlineTagCompletionProposal' ('{@linkplain}'). Returning original proposal instead.
2014-10-12 17:44:02,759 [main] WARN  o.e.r.c.r.p.ProcessableProposalFactory - Unknown JDT proposal type 'class org.eclipse.jdt.internal.ui.text.java.LazyJavaCompletionProposal' ('@category'). Returning original proposal instead.
2014-10-12 17:44:02,759 [main] WARN  o.e.r.c.r.p.ProcessableProposalFactory - Unknown JDT proposal type 'class org.eclipse.jdt.internal.ui.text.java.LazyJavaCompletionProposal' ('@serialData'). Returning original proposal instead.
2014-10-12 17:44:02,775 [main] WARN  o.e.r.c.r.p.ProcessableProposalFactory - Unknown JDT proposal type 'class org.eclipse.jdt.internal.ui.text.java.LazyJavaCompletionProposal' ('@throws'). Returning original proposal instead.
2014-10-12 17:44:02,775 [main] WARN  o.e.r.c.r.p.ProcessableProposalFactory - Unknown JDT proposal type 'class org.eclipse.jdt.internal.ui.text.java.LazyJavaCompletionProposal' ('@return'). Returning original proposal instead.
2014-10-12 17:44:02,775 [main] WARN  o.e.r.c.r.p.ProcessableProposalFactory - Unknown JDT proposal type 'class org.eclipse.jdt.internal.ui.text.javadoc.JavadocInlineTagCompletionProposal' ('{@link}'). Returning original proposal instead.
2014-10-12 17:44:02,775 [main] WARN  o.e.r.c.r.p.ProcessableProposalFactory - Unknown JDT proposal type 'class org.eclipse.jdt.internal.ui.text.javadoc.JavadocInlineTagCompletionProposal' ('{@literal}'). Returning original proposal instead.
2014-10-23 01:38:35,883 [Recommenders-Timeout-Manager] ERROR o.e.r.i.rcp.JavaElementSelections - Failed to resolve selection in '=HeatedEarth/src<edu.gatech.heatedearth.pres{PresMT.java' at offset 0
org.eclipse.jdt.core.JavaModelException: PresMT.java [in edu.gatech.heatedearth.pres [in src [in HeatedEarth]]] does not exist
	at org.eclipse.jdt.internal.core.JavaElement.newJavaModelException(JavaElement.java:544) ~[org.eclipse.jdt.core_3.10.0.v20140604-1726.jar:na]
	at org.eclipse.jdt.internal.core.Openable.generateInfos(Openable.java:247) ~[org.eclipse.jdt.core_3.10.0.v20140604-1726.jar:na]
	at org.eclipse.jdt.internal.core.JavaElement.openWhenClosed(JavaElement.java:557) ~[org.eclipse.jdt.core_3.10.0.v20140604-1726.jar:na]
	at org.eclipse.jdt.internal.core.JavaElement.getElementInfo(JavaElement.java:294) ~[org.eclipse.jdt.core_3.10.0.v20140604-1726.jar:na]
	at org.eclipse.jdt.internal.core.JavaElement.getElementInfo(JavaElement.java:280) ~[org.eclipse.jdt.core_3.10.0.v20140604-1726.jar:na]
	at org.eclipse.jdt.internal.core.Openable.getBuffer(Openable.java:285) ~[org.eclipse.jdt.core_3.10.0.v20140604-1726.jar:na]
	at org.eclipse.jdt.internal.core.Openable.codeSelect(Openable.java:152) ~[org.eclipse.jdt.core_3.10.0.v20140604-1726.jar:na]
	at org.eclipse.jdt.internal.core.CompilationUnit.codeSelect(CompilationUnit.java:377) ~[org.eclipse.jdt.core_3.10.0.v20140604-1726.jar:na]
	at org.eclipse.jdt.internal.core.CompilationUnit.codeSelect(CompilationUnit.java:371) ~[org.eclipse.jdt.core_3.10.0.v20140604-1726.jar:na]
	at org.eclipse.recommenders.internal.rcp.JavaElementSelections.resolveJavaElementFromTypeRootInEditor(JavaElementSelections.java:146) [org.eclipse.recommenders.rcp_2.1.0.v20140610-1852.jar:na]
	at org.eclipse.recommenders.internal.rcp.JavaElementSelections.resolveJavaElementFromEditor(JavaElementSelections.java:128) [org.eclipse.recommenders.rcp_2.1.0.v20140610-1852.jar:na]
	at org.eclipse.recommenders.internal.rcp.JavaElementSelections.resolveJavaElementFromEditor(JavaElementSelections.java:111) [org.eclipse.recommenders.rcp_2.1.0.v20140610-1852.jar:na]
	at org.eclipse.recommenders.internal.rcp.JavaElementSelectionService.handleSelectionInEditor(JavaElementSelectionService.java:108) [org.eclipse.recommenders.rcp_2.1.0.v20140610-1852.jar:na]
	at org.eclipse.recommenders.internal.rcp.JavaElementSelectionService.access$1(JavaElementSelectionService.java:105) [org.eclipse.recommenders.rcp_2.1.0.v20140610-1852.jar:na]
	at org.eclipse.recommenders.internal.rcp.JavaElementSelectionService$1.run(JavaElementSelectionService.java:82) [org.eclipse.recommenders.rcp_2.1.0.v20140610-1852.jar:na]
	at java.util.concurrent.Executors$RunnableAdapter.call(Executors.java:439) [na:1.6.0_65]
	at java.util.concurrent.FutureTask$Sync.innerRun(FutureTask.java:303) [na:1.6.0_65]
	at java.util.concurrent.FutureTask.run(FutureTask.java:138) [na:1.6.0_65]
	at java.util.concurrent.ScheduledThreadPoolExecutor$ScheduledFutureTask.access$301(ScheduledThreadPoolExecutor.java:98) [na:1.6.0_65]
	at java.util.concurrent.ScheduledThreadPoolExecutor$ScheduledFutureTask.run(ScheduledThreadPoolExecutor.java:206) [na:1.6.0_65]
	at java.util.concurrent.ThreadPoolExecutor$Worker.runTask(ThreadPoolExecutor.java:895) [na:1.6.0_65]
	at java.util.concurrent.ThreadPoolExecutor$Worker.run(ThreadPoolExecutor.java:918) [na:1.6.0_65]
	at java.lang.Thread.run(Thread.java:695) [na:1.6.0_65]
2014-10-23 01:38:36,260 [Recommenders-Timeout-Manager] ERROR o.e.r.i.rcp.JavaElementSelections - Failed to resolve selection in '=HeatedEarth/src<edu.gatech.heatedearth.pres{PresMT.java' at offset 0
org.eclipse.jdt.core.JavaModelException: PresMT.java [in edu.gatech.heatedearth.pres [in src [in HeatedEarth]]] does not exist
	at org.eclipse.jdt.internal.core.JavaElement.newJavaModelException(JavaElement.java:544) ~[org.eclipse.jdt.core_3.10.0.v20140604-1726.jar:na]
	at org.eclipse.jdt.internal.core.Openable.generateInfos(Openable.java:247) ~[org.eclipse.jdt.core_3.10.0.v20140604-1726.jar:na]
	at org.eclipse.jdt.internal.core.JavaElement.openWhenClosed(JavaElement.java:557) ~[org.eclipse.jdt.core_3.10.0.v20140604-1726.jar:na]
	at org.eclipse.jdt.internal.core.JavaElement.getElementInfo(JavaElement.java:294) ~[org.eclipse.jdt.core_3.10.0.v20140604-1726.jar:na]
	at org.eclipse.jdt.internal.core.JavaElement.getElementInfo(JavaElement.java:280) ~[org.eclipse.jdt.core_3.10.0.v20140604-1726.jar:na]
	at org.eclipse.jdt.internal.core.Openable.getBuffer(Openable.java:285) ~[org.eclipse.jdt.core_3.10.0.v20140604-1726.jar:na]
	at org.eclipse.jdt.internal.core.Openable.codeSelect(Openable.java:152) ~[org.eclipse.jdt.core_3.10.0.v20140604-1726.jar:na]
	at org.eclipse.jdt.internal.core.CompilationUnit.codeSelect(CompilationUnit.java:377) ~[org.eclipse.jdt.core_3.10.0.v20140604-1726.jar:na]
	at org.eclipse.jdt.internal.core.CompilationUnit.codeSelect(CompilationUnit.java:371) ~[org.eclipse.jdt.core_3.10.0.v20140604-1726.jar:na]
	at org.eclipse.recommenders.internal.rcp.JavaElementSelections.resolveJavaElementFromTypeRootInEditor(JavaElementSelections.java:146) [org.eclipse.recommenders.rcp_2.1.0.v20140610-1852.jar:na]
	at org.eclipse.recommenders.internal.rcp.JavaElementSelections.resolveJavaElementFromEditor(JavaElementSelections.java:128) [org.eclipse.recommenders.rcp_2.1.0.v20140610-1852.jar:na]
	at org.eclipse.recommenders.internal.rcp.JavaElementSelections.resolveJavaElementFromEditor(JavaElementSelections.java:111) [org.eclipse.recommenders.rcp_2.1.0.v20140610-1852.jar:na]
	at org.eclipse.recommenders.internal.rcp.JavaElementSelectionService.handleSelectionInEditor(JavaElementSelectionService.java:108) [org.eclipse.recommenders.rcp_2.1.0.v20140610-1852.jar:na]
	at org.eclipse.recommenders.internal.rcp.JavaElementSelectionService.access$1(JavaElementSelectionService.java:105) [org.eclipse.recommenders.rcp_2.1.0.v20140610-1852.jar:na]
	at org.eclipse.recommenders.internal.rcp.JavaElementSelectionService$1.run(JavaElementSelectionService.java:82) [org.eclipse.recommenders.rcp_2.1.0.v20140610-1852.jar:na]
	at java.util.concurrent.Executors$RunnableAdapter.call(Executors.java:439) [na:1.6.0_65]
	at java.util.concurrent.FutureTask$Sync.innerRun(FutureTask.java:303) [na:1.6.0_65]
	at java.util.concurrent.FutureTask.run(FutureTask.java:138) [na:1.6.0_65]
	at java.util.concurrent.ScheduledThreadPoolExecutor$ScheduledFutureTask.access$301(ScheduledThreadPoolExecutor.java:98) [na:1.6.0_65]
	at java.util.concurrent.ScheduledThreadPoolExecutor$ScheduledFutureTask.run(ScheduledThreadPoolExecutor.java:206) [na:1.6.0_65]
	at java.util.concurrent.ThreadPoolExecutor$Worker.runTask(ThreadPoolExecutor.java:895) [na:1.6.0_65]
	at java.util.concurrent.ThreadPoolExecutor$Worker.run(ThreadPoolExecutor.java:918) [na:1.6.0_65]
	at java.lang.Thread.run(Thread.java:695) [na:1.6.0_65]
2014-10-23 01:49:36,295 [Recommenders-Timeout-Manager] ERROR o.e.r.i.rcp.JavaElementSelections - Failed to resolve selection in '=HeatedEarth/src<edu.gatech.heatedearth.pres{PresM.java' at offset 1120
org.eclipse.jdt.core.JavaModelException: Index out of bounds
	at org.eclipse.jdt.internal.core.Openable.codeSelect(Openable.java:158) ~[org.eclipse.jdt.core_3.10.0.v20140604-1726.jar:na]
	at org.eclipse.jdt.internal.core.CompilationUnit.codeSelect(CompilationUnit.java:377) ~[org.eclipse.jdt.core_3.10.0.v20140604-1726.jar:na]
	at org.eclipse.jdt.internal.core.CompilationUnit.codeSelect(CompilationUnit.java:371) ~[org.eclipse.jdt.core_3.10.0.v20140604-1726.jar:na]
	at org.eclipse.recommenders.internal.rcp.JavaElementSelections.resolveJavaElementFromTypeRootInEditor(JavaElementSelections.java:146) [org.eclipse.recommenders.rcp_2.1.0.v20140610-1852.jar:na]
	at org.eclipse.recommenders.internal.rcp.JavaElementSelections.resolveJavaElementFromEditor(JavaElementSelections.java:128) [org.eclipse.recommenders.rcp_2.1.0.v20140610-1852.jar:na]
	at org.eclipse.recommenders.internal.rcp.JavaElementSelections.resolveJavaElementFromEditor(JavaElementSelections.java:111) [org.eclipse.recommenders.rcp_2.1.0.v20140610-1852.jar:na]
	at org.eclipse.recommenders.internal.rcp.JavaElementSelectionService.handleSelectionInEditor(JavaElementSelectionService.java:108) [org.eclipse.recommenders.rcp_2.1.0.v20140610-1852.jar:na]
	at org.eclipse.recommenders.internal.rcp.JavaElementSelectionService.access$1(JavaElementSelectionService.java:105) [org.eclipse.recommenders.rcp_2.1.0.v20140610-1852.jar:na]
	at org.eclipse.recommenders.internal.rcp.JavaElementSelectionService$1.run(JavaElementSelectionService.java:82) [org.eclipse.recommenders.rcp_2.1.0.v20140610-1852.jar:na]
	at java.util.concurrent.Executors$RunnableAdapter.call(Executors.java:439) [na:1.6.0_65]
	at java.util.concurrent.FutureTask$Sync.innerRun(FutureTask.java:303) [na:1.6.0_65]
	at java.util.concurrent.FutureTask.run(FutureTask.java:138) [na:1.6.0_65]
	at java.util.concurrent.ScheduledThreadPoolExecutor$ScheduledFutureTask.access$301(ScheduledThreadPoolExecutor.java:98) [na:1.6.0_65]
	at java.util.concurrent.ScheduledThreadPoolExecutor$ScheduledFutureTask.run(ScheduledThreadPoolExecutor.java:206) [na:1.6.0_65]
	at java.util.concurrent.ThreadPoolExecutor$Worker.runTask(ThreadPoolExecutor.java:895) [na:1.6.0_65]
	at java.util.concurrent.ThreadPoolExecutor$Worker.run(ThreadPoolExecutor.java:918) [na:1.6.0_65]
	at java.lang.Thread.run(Thread.java:695) [na:1.6.0_65]
